
tictactoe: PANIC: Unexpected harmful signal (Segmentation violation) ...

tictactoe: system execution failed.
Following is the set of recorded exceptions.
NB: The raised panic may have induced completely inconsistent information:

-------------------------------------------------------------------------------
Class / Object      Routine                Nature of exception           Effect
-------------------------------------------------------------------------------
APPLICATION         root's creation        Unexpected harmful signal (Segmentation violation):
<0000000003100418>                         Eiffel run-time panic.        Bye
-------------------------------------------------------------------------------

tictactoe: system execution failed.
Following is the set of recorded exceptions:

-------------------------------------------------------------------------------
Class / Object      Routine                Nature of exception           Effect
-------------------------------------------------------------------------------
ARRAY2              make @4                has_default:                 
<0000000000B10478>                         Precondition violated.        Fail
-------------------------------------------------------------------------------
GAME                init @3                                             
<0000000000B10448>                         Routine failure.              Fail
-------------------------------------------------------------------------------
APPLICATION         make @1                                             
<0000000000B10418>                         Routine failure.              Fail
-------------------------------------------------------------------------------
APPLICATION         root's creation                                     
<0000000000B10418>                         Routine failure.              Exit
-------------------------------------------------------------------------------
